<?xml version="1.0" encoding="UTF-8"?>
<robot generator="Robot 3.2.2 (Python 3.9.0 on win32)" generated="20201127 10:22:18.278" rpa="false">
<suite id="s1" name="25-11-2020-10-41" source="D:\auto\25-11-2020-10-41">
<suite id="s1-s1" name="Outlook1" source="D:\auto\25-11-2020-10-41\outlook1">
<suite id="s1-s1-s1" name="Outlook" source="D:\auto\25-11-2020-10-41\outlook1\outlook.robot">
<test id="s1-s1-s1-t1" name="screenshot">
<kw name="Append To Environment Variable" library="OperatingSystem">
<doc>Appends given ``values`` to environment variable ``name``.</doc>
<arguments>
<arg>Path</arg>
<arg>${EXECDIR}${/}driver${/}</arg>
</arguments>
<msg timestamp="20201127 10:22:18.853" level="INFO">Environment variable 'Path' set to value 'C:/Users/99002523/.p2/pool/plugins/org.eclipse.justj.openjdk.hotspot.jre.full.win32.x86_64_14.0.2.v20200815-0932/jre/bin/server;C:/Users/99002523/.p2/pool/plugins/org.eclipse.justj.openjdk.hotspot.jre.full.win32.x86_64_14.0.2.v20200815-0932/jre/bin;C:\ProgramData\Oracle\Java\javapath;C:\Program Files (x86)\Intel\Intel(R) Management Engine Components\iCLS\;C:\Program Files\Intel\Intel(R) Management Engine Components\iCLS\;C:\WINDOWS\system32;C:\WINDOWS;C:\WINDOWS\System32\Wbem;C:\WINDOWS\System32\WindowsPowerShell\v1.0\;C:\WINDOWS\System32\OpenSSH\;C:\Program Files (x86)\Intel\Intel(R) Management Engine Components\DAL;C:\Program Files\Intel\Intel(R) Management Engine Components\DAL;C:\Program Files\TortoiseSVN\bin;C:\Users\99002523\AppData\Local\Programs\Python\Python39\Scripts\;C:\Users\99002523\AppData\Local\Programs\Python\Python39\;C:\Users\99002523\AppData\Local\Microsoft\WindowsApps;;C:\Users\99002523\Desktop;;D:\auto\25-11-2020-10-41\driver\'.</msg>
<status status="PASS" starttime="20201127 10:22:18.852" endtime="20201127 10:22:18.853"></status>
</kw>
<kw name="Open Browser" library="SeleniumLibrary">
<doc>Opens a new browser instance to the optional ``url``.</doc>
<arguments>
<arg>https://www.guru99.com/</arg>
<arg>browser=chrome</arg>
</arguments>
<msg timestamp="20201127 10:22:18.866" level="INFO">Opening browser 'chrome' to base url 'https://www.guru99.com/'.</msg>
<kw name="Capture Page Screenshot" library="SeleniumLibrary">
<doc>Takes a screenshot of the current page and embeds it into a log file.</doc>
<msg timestamp="20201127 10:22:45.088" level="INFO">Cannot capture screenshot because no browser is open.</msg>
<status status="PASS" starttime="20201127 10:22:45.087" endtime="20201127 10:22:45.088"></status>
</kw>
<msg timestamp="20201127 10:22:45.091" level="FAIL">WebDriverException: Message: Service chromedriver unexpectedly exited. Status code was: 3221225477
</msg>
<status status="FAIL" starttime="20201127 10:22:18.853" endtime="20201127 10:22:45.091"></status>
</kw>
<status status="FAIL" starttime="20201127 10:22:18.852" endtime="20201127 10:22:45.091" critical="yes">WebDriverException: Message: Service chromedriver unexpectedly exited. Status code was: 3221225477
</status>
</test>
<status status="FAIL" starttime="20201127 10:22:18.332" endtime="20201127 10:22:45.092"></status>
</suite>
<status status="FAIL" starttime="20201127 10:22:18.329" endtime="20201127 10:22:45.094"></status>
</suite>
<status status="FAIL" starttime="20201127 10:22:18.310" endtime="20201127 10:22:45.095"></status>
</suite>
<statistics>
<total>
<stat pass="0" fail="1">Critical Tests</stat>
<stat pass="0" fail="1">All Tests</stat>
</total>
<tag>
</tag>
<suite>
<stat pass="0" fail="1" id="s1" name="25-11-2020-10-41">25-11-2020-10-41</stat>
<stat pass="0" fail="1" id="s1-s1" name="Outlook1">25-11-2020-10-41.Outlook1</stat>
<stat pass="0" fail="1" id="s1-s1-s1" name="Outlook">25-11-2020-10-41.Outlook1.Outlook</stat>
</suite>
</statistics>
<errors>
</errors>
</robot>
