<?xml version="1.0" encoding="UTF-8"?>
<robot generator="Robot 3.2.2 (Python 3.9.0 on win32)" generated="20201125 17:17:57.322" rpa="false">
<suite id="s1" name="25-11-2020-10-41" source="D:\auto\25-11-2020-10-41">
<suite id="s1-s1" name="Outlook1" source="D:\auto\25-11-2020-10-41\outlook1">
<suite id="s1-s1-s1" name="Outlook" source="D:\auto\25-11-2020-10-41\outlook1\outlook.robot">
<test id="s1-s1-s1-t1" name="screenshot">
<kw name="Append To Environment Variable" library="OperatingSystem">
<doc>Appends given ``values`` to environment variable ``name``.</doc>
<arguments>
<arg>Path</arg>
<arg>${EXECDIR}${/}driver${/}</arg>
</arguments>
<msg timestamp="20201125 17:17:57.676" level="INFO">Environment variable 'Path' set to value 'C:/Users/99002523/.p2/pool/plugins/org.eclipse.justj.openjdk.hotspot.jre.full.win32.x86_64_14.0.2.v20200815-0932/jre/bin/server;C:/Users/99002523/.p2/pool/plugins/org.eclipse.justj.openjdk.hotspot.jre.full.win32.x86_64_14.0.2.v20200815-0932/jre/bin;C:\ProgramData\Oracle\Java\javapath;C:\Program Files (x86)\Intel\Intel(R) Management Engine Components\iCLS\;C:\Program Files\Intel\Intel(R) Management Engine Components\iCLS\;C:\WINDOWS\system32;C:\WINDOWS;C:\WINDOWS\System32\Wbem;C:\WINDOWS\System32\WindowsPowerShell\v1.0\;C:\WINDOWS\System32\OpenSSH\;C:\Program Files (x86)\Intel\Intel(R) Management Engine Components\DAL;C:\Program Files\Intel\Intel(R) Management Engine Components\DAL;C:\Program Files\TortoiseSVN\bin;C:\Users\99002523\AppData\Local\Programs\Python\Python39\Scripts\;C:\Users\99002523\AppData\Local\Programs\Python\Python39\;C:\Users\99002523\AppData\Local\Microsoft\WindowsApps;;C:\Users\99002523\Desktop;;D:\auto\25-11-2020-10-41\driver\'.</msg>
<status status="PASS" starttime="20201125 17:17:57.676" endtime="20201125 17:17:57.676"></status>
</kw>
<kw name="Open Browser" library="SeleniumLibrary">
<doc>Opens a new browser instance to the optional ``url``.</doc>
<arguments>
<arg>https://www.guru99.com/</arg>
<arg>browser=chrome</arg>
</arguments>
<msg timestamp="20201125 17:17:57.677" level="INFO">Opening browser 'chrome' to base url 'https://www.guru99.com/'.</msg>
<status status="PASS" starttime="20201125 17:17:57.676" endtime="20201125 17:18:04.851"></status>
</kw>
<kw name="Set Selenium Implicit Wait" library="SeleniumLibrary">
<doc>Sets the implicit wait value used by Selenium.</doc>
<arguments>
<arg>30s</arg>
</arguments>
<status status="PASS" starttime="20201125 17:18:04.851" endtime="20201125 17:18:04.853"></status>
</kw>
<kw name="Maximize Browser Window" library="SeleniumLibrary">
<doc>Maximizes current browser window.</doc>
<status status="PASS" starttime="20201125 17:18:04.853" endtime="20201125 17:18:06.983"></status>
</kw>
<kw name="Capture Page Screenshot" library="SeleniumLibrary">
<doc>Takes a screenshot of the current page and embeds it into a log file.</doc>
<arguments>
<arg>D:\\python\\images\\guru.png</arg>
</arguments>
<msg timestamp="20201125 17:18:07.346" level="INFO" html="yes">&lt;/td&gt;&lt;/tr&gt;&lt;tr&gt;&lt;td colspan="3"&gt;&lt;a href="../../python/images/guru.png"&gt;&lt;img src="../../python/images/guru.png" width="800px"&gt;&lt;/a&gt;</msg>
<status status="PASS" starttime="20201125 17:18:06.983" endtime="20201125 17:18:07.346"></status>
</kw>
<kw name="Sleep" library="BuiltIn">
<doc>Pauses the test executed for the given time.</doc>
<arguments>
<arg>5s</arg>
</arguments>
<msg timestamp="20201125 17:18:12.348" level="INFO">Slept 5 seconds</msg>
<status status="PASS" starttime="20201125 17:18:07.347" endtime="20201125 17:18:12.348"></status>
</kw>
<kw name="Apr" library="helloworld">
<assign>
<var>${val}</var>
</assign>
<msg timestamp="20201125 17:18:23.561" level="INFO">${val} = (0, 0)</msg>
<status status="PASS" starttime="20201125 17:18:12.348" endtime="20201125 17:18:23.561"></status>
</kw>
<kw name="Log To Console" library="BuiltIn">
<doc>Logs the given message to the console.</doc>
<arguments>
<arg>${val}</arg>
</arguments>
<status status="PASS" starttime="20201125 17:18:23.562" endtime="20201125 17:18:23.563"></status>
</kw>
<kw name="Sleep" library="BuiltIn">
<doc>Pauses the test executed for the given time.</doc>
<arguments>
<arg>3s</arg>
</arguments>
<msg timestamp="20201125 17:18:26.564" level="INFO">Slept 3 seconds</msg>
<status status="PASS" starttime="20201125 17:18:23.564" endtime="20201125 17:18:26.564"></status>
</kw>
<kw name="Click Element At Coordinates" library="SeleniumLibrary">
<doc>Click the element ``locator`` at ``xoffset/yoffset``.</doc>
<arguments>
<arg>//section[@id='g-navigation']</arg>
<arg>${val}[0]</arg>
<arg>${val}[1]</arg>
</arguments>
<msg timestamp="20201125 17:18:26.565" level="INFO">Clicking element '//section[@id='g-navigation']' at coordinates x=0, y=0.</msg>
<status status="PASS" starttime="20201125 17:18:26.564" endtime="20201125 17:18:37.107"></status>
</kw>
<status status="PASS" starttime="20201125 17:17:57.675" endtime="20201125 17:18:37.108" critical="yes"></status>
</test>
<status status="PASS" starttime="20201125 17:17:57.375" endtime="20201125 17:18:37.108"></status>
</suite>
<status status="PASS" starttime="20201125 17:17:57.373" endtime="20201125 17:18:37.110"></status>
</suite>
<status status="PASS" starttime="20201125 17:17:57.355" endtime="20201125 17:18:37.111"></status>
</suite>
<statistics>
<total>
<stat pass="1" fail="0">Critical Tests</stat>
<stat pass="1" fail="0">All Tests</stat>
</total>
<tag>
</tag>
<suite>
<stat pass="1" fail="0" id="s1" name="25-11-2020-10-41">25-11-2020-10-41</stat>
<stat pass="1" fail="0" id="s1-s1" name="Outlook1">25-11-2020-10-41.Outlook1</stat>
<stat pass="1" fail="0" id="s1-s1-s1" name="Outlook">25-11-2020-10-41.Outlook1.Outlook</stat>
</suite>
</statistics>
<errors>
</errors>
</robot>
